10:24:27 INFO  Server               :: Dataset path = /ds
10:24:27 INFO  Server               :: Fuseki 1.0.1 2014-01-18T19:01:20+0000
10:24:27 INFO  Server               :: Incoming connections limited to localhost
10:24:27 INFO  Server               :: Started 2014/06/02 10:24:27 MESZ on port 3030
10:24:32 INFO  Server               :: Stopped 2014/06/02 10:24:32 MESZ on port 3030
10:28:38 INFO  Server               :: Dataset path = /ds
10:28:38 INFO  Server               :: Fuseki 1.0.1 2014-01-18T19:01:20+0000
10:28:38 INFO  Server               :: Incoming connections limited to localhost
10:28:38 INFO  Server               :: Started 2014/06/02 10:28:38 MESZ on port 3030
10:28:39 INFO  Server               :: Stopped 2014/06/02 10:28:39 MESZ on port 3030
10:28:40 WARN  Server               :: Already initialized: dataset = /ds
10:28:40 WARN  CounterSet           :: Duplicate counter in counter set: Requests
10:28:40 WARN  CounterSet           :: Duplicate counter in counter set: RequestsGood
10:28:40 WARN  CounterSet           :: Duplicate counter in counter set: RequestsBad
10:28:40 WARN  CounterSet           :: Duplicate counter in counter set: Requests
10:28:40 WARN  CounterSet           :: Duplicate counter in counter set: RequestsGood
10:28:40 WARN  CounterSet           :: Duplicate counter in counter set: RequestsBad
10:28:40 WARN  CounterSet           :: Duplicate counter in counter set: QueryTimeouts
10:28:40 WARN  CounterSet           :: Duplicate counter in counter set: QueryExecErrors
10:28:40 WARN  CounterSet           :: Duplicate counter in counter set: Requests
10:28:40 WARN  CounterSet           :: Duplicate counter in counter set: RequestsGood
10:28:40 WARN  CounterSet           :: Duplicate counter in counter set: RequestsBad
10:28:40 WARN  CounterSet           :: Duplicate counter in counter set: UpdateExecErrors
10:28:40 WARN  CounterSet           :: Duplicate counter in counter set: Requests
10:28:40 WARN  CounterSet           :: Duplicate counter in counter set: RequestsGood
10:28:40 WARN  CounterSet           :: Duplicate counter in counter set: RequestsBad
10:28:40 WARN  CounterSet           :: Duplicate counter in counter set: Requests
10:28:40 WARN  CounterSet           :: Duplicate counter in counter set: RequestsGood
10:28:40 WARN  CounterSet           :: Duplicate counter in counter set: RequestsBad
10:28:40 WARN  CounterSet           :: Duplicate counter in counter set: GSPget
10:28:40 WARN  CounterSet           :: Duplicate counter in counter set: GSPgetGood
10:28:40 WARN  CounterSet           :: Duplicate counter in counter set: GSPgetBad
10:28:40 WARN  CounterSet           :: Duplicate counter in counter set: GSPhead
10:28:40 WARN  CounterSet           :: Duplicate counter in counter set: GSPheadGood
10:28:40 WARN  CounterSet           :: Duplicate counter in counter set: GSPheadBad
10:28:40 WARN  CounterSet           :: Duplicate counter in counter set: GSPput
10:28:40 WARN  CounterSet           :: Duplicate counter in counter set: GSPputGood
10:28:40 WARN  CounterSet           :: Duplicate counter in counter set: GSPputBad
10:28:40 WARN  CounterSet           :: Duplicate counter in counter set: GSPpost
10:28:40 WARN  CounterSet           :: Duplicate counter in counter set: GSPpostGood
10:28:40 WARN  CounterSet           :: Duplicate counter in counter set: GSPpostBad
10:28:40 WARN  CounterSet           :: Duplicate counter in counter set: GSPdelete
10:28:40 WARN  CounterSet           :: Duplicate counter in counter set: GSPdeleteGood
10:28:40 WARN  CounterSet           :: Duplicate counter in counter set: GSPdeleteBad
10:28:40 WARN  CounterSet           :: Duplicate counter in counter set: GSPpatch
10:28:40 WARN  CounterSet           :: Duplicate counter in counter set: GSPpatchGood
10:28:40 WARN  CounterSet           :: Duplicate counter in counter set: GSPpatchBad
10:28:40 WARN  CounterSet           :: Duplicate counter in counter set: GSPoptions
10:28:40 WARN  CounterSet           :: Duplicate counter in counter set: GSPoptionsGood
10:28:40 WARN  CounterSet           :: Duplicate counter in counter set: GSPoptionsBad
10:28:40 WARN  CounterSet           :: Duplicate counter in counter set: Requests
10:28:40 WARN  CounterSet           :: Duplicate counter in counter set: RequestsGood
10:28:40 WARN  CounterSet           :: Duplicate counter in counter set: RequestsBad
10:28:40 WARN  CounterSet           :: Duplicate counter in counter set: GSPget
10:28:40 WARN  CounterSet           :: Duplicate counter in counter set: GSPgetGood
10:28:40 WARN  CounterSet           :: Duplicate counter in counter set: GSPgetBad
10:28:40 WARN  CounterSet           :: Duplicate counter in counter set: GSPhead
10:28:40 WARN  CounterSet           :: Duplicate counter in counter set: GSPheadGood
10:28:40 WARN  CounterSet           :: Duplicate counter in counter set: GSPheadBad
10:28:40 WARN  CounterSet           :: Duplicate counter in counter set: GSPput
10:28:40 WARN  CounterSet           :: Duplicate counter in counter set: GSPputGood
10:28:40 WARN  CounterSet           :: Duplicate counter in counter set: GSPputBad
10:28:40 WARN  CounterSet           :: Duplicate counter in counter set: GSPpost
10:28:40 WARN  CounterSet           :: Duplicate counter in counter set: GSPpostGood
10:28:40 WARN  CounterSet           :: Duplicate counter in counter set: GSPpostBad
10:28:40 WARN  CounterSet           :: Duplicate counter in counter set: GSPdelete
10:28:40 WARN  CounterSet           :: Duplicate counter in counter set: GSPdeleteGood
10:28:40 WARN  CounterSet           :: Duplicate counter in counter set: GSPdeleteBad
10:28:40 WARN  CounterSet           :: Duplicate counter in counter set: GSPpatch
10:28:40 WARN  CounterSet           :: Duplicate counter in counter set: GSPpatchGood
10:28:40 WARN  CounterSet           :: Duplicate counter in counter set: GSPpatchBad
10:28:40 WARN  CounterSet           :: Duplicate counter in counter set: GSPoptions
10:28:40 WARN  CounterSet           :: Duplicate counter in counter set: GSPoptionsGood
10:28:40 WARN  CounterSet           :: Duplicate counter in counter set: GSPoptionsBad
10:28:40 INFO  Server               :: Dataset path = /ds
10:28:40 INFO  Server               :: Fuseki 1.0.1 2014-01-18T19:01:20+0000
10:28:40 INFO  Server               :: Incoming connections limited to localhost
10:28:40 INFO  Server               :: Started 2014/06/02 10:28:40 MESZ on port 3030
10:28:41 INFO  Server               :: Stopped 2014/06/02 10:28:41 MESZ on port 3030
10:30:16 INFO  Server               :: Dataset path = /ds
10:30:16 INFO  Server               :: Fuseki 1.0.1 2014-01-18T19:01:20+0000
10:30:16 INFO  Server               :: Incoming connections limited to localhost
10:30:16 INFO  Server               :: Started 2014/06/02 10:30:16 MESZ on port 3030
10:30:19 INFO  Server               :: Stopped 2014/06/02 10:30:19 MESZ on port 3030
10:30:20 WARN  Server               :: Already initialized: dataset = /ds
10:30:20 WARN  CounterSet           :: Duplicate counter in counter set: Requests
10:30:20 WARN  CounterSet           :: Duplicate counter in counter set: RequestsGood
10:30:20 WARN  CounterSet           :: Duplicate counter in counter set: RequestsBad
10:30:20 WARN  CounterSet           :: Duplicate counter in counter set: Requests
10:30:20 WARN  CounterSet           :: Duplicate counter in counter set: RequestsGood
10:30:20 WARN  CounterSet           :: Duplicate counter in counter set: RequestsBad
10:30:20 WARN  CounterSet           :: Duplicate counter in counter set: QueryTimeouts
10:30:20 WARN  CounterSet           :: Duplicate counter in counter set: QueryExecErrors
10:30:20 WARN  CounterSet           :: Duplicate counter in counter set: Requests
10:30:20 WARN  CounterSet           :: Duplicate counter in counter set: RequestsGood
10:30:20 WARN  CounterSet           :: Duplicate counter in counter set: RequestsBad
10:30:20 WARN  CounterSet           :: Duplicate counter in counter set: UpdateExecErrors
10:30:20 WARN  CounterSet           :: Duplicate counter in counter set: Requests
10:30:20 WARN  CounterSet           :: Duplicate counter in counter set: RequestsGood
10:30:20 WARN  CounterSet           :: Duplicate counter in counter set: RequestsBad
10:30:20 WARN  CounterSet           :: Duplicate counter in counter set: Requests
10:30:20 WARN  CounterSet           :: Duplicate counter in counter set: RequestsGood
10:30:20 WARN  CounterSet           :: Duplicate counter in counter set: RequestsBad
10:30:20 WARN  CounterSet           :: Duplicate counter in counter set: GSPget
10:30:20 WARN  CounterSet           :: Duplicate counter in counter set: GSPgetGood
10:30:20 WARN  CounterSet           :: Duplicate counter in counter set: GSPgetBad
10:30:20 WARN  CounterSet           :: Duplicate counter in counter set: GSPhead
10:30:20 WARN  CounterSet           :: Duplicate counter in counter set: GSPheadGood
10:30:20 WARN  CounterSet           :: Duplicate counter in counter set: GSPheadBad
10:30:20 WARN  CounterSet           :: Duplicate counter in counter set: GSPput
10:30:20 WARN  CounterSet           :: Duplicate counter in counter set: GSPputGood
10:30:20 WARN  CounterSet           :: Duplicate counter in counter set: GSPputBad
10:30:20 WARN  CounterSet           :: Duplicate counter in counter set: GSPpost
10:30:20 WARN  CounterSet           :: Duplicate counter in counter set: GSPpostGood
10:30:20 WARN  CounterSet           :: Duplicate counter in counter set: GSPpostBad
10:30:20 WARN  CounterSet           :: Duplicate counter in counter set: GSPdelete
10:30:20 WARN  CounterSet           :: Duplicate counter in counter set: GSPdeleteGood
10:30:20 WARN  CounterSet           :: Duplicate counter in counter set: GSPdeleteBad
10:30:20 WARN  CounterSet           :: Duplicate counter in counter set: GSPpatch
10:30:20 WARN  CounterSet           :: Duplicate counter in counter set: GSPpatchGood
10:30:20 WARN  CounterSet           :: Duplicate counter in counter set: GSPpatchBad
10:30:20 WARN  CounterSet           :: Duplicate counter in counter set: GSPoptions
10:30:20 WARN  CounterSet           :: Duplicate counter in counter set: GSPoptionsGood
10:30:20 WARN  CounterSet           :: Duplicate counter in counter set: GSPoptionsBad
10:30:20 WARN  CounterSet           :: Duplicate counter in counter set: Requests
10:30:20 WARN  CounterSet           :: Duplicate counter in counter set: RequestsGood
10:30:20 WARN  CounterSet           :: Duplicate counter in counter set: RequestsBad
10:30:20 WARN  CounterSet           :: Duplicate counter in counter set: GSPget
10:30:20 WARN  CounterSet           :: Duplicate counter in counter set: GSPgetGood
10:30:20 WARN  CounterSet           :: Duplicate counter in counter set: GSPgetBad
10:30:20 WARN  CounterSet           :: Duplicate counter in counter set: GSPhead
10:30:20 WARN  CounterSet           :: Duplicate counter in counter set: GSPheadGood
10:30:20 WARN  CounterSet           :: Duplicate counter in counter set: GSPheadBad
10:30:20 WARN  CounterSet           :: Duplicate counter in counter set: GSPput
10:30:20 WARN  CounterSet           :: Duplicate counter in counter set: GSPputGood
10:30:20 WARN  CounterSet           :: Duplicate counter in counter set: GSPputBad
10:30:20 WARN  CounterSet           :: Duplicate counter in counter set: GSPpost
10:30:20 WARN  CounterSet           :: Duplicate counter in counter set: GSPpostGood
10:30:20 WARN  CounterSet           :: Duplicate counter in counter set: GSPpostBad
10:30:20 WARN  CounterSet           :: Duplicate counter in counter set: GSPdelete
10:30:20 WARN  CounterSet           :: Duplicate counter in counter set: GSPdeleteGood
10:30:20 WARN  CounterSet           :: Duplicate counter in counter set: GSPdeleteBad
10:30:20 WARN  CounterSet           :: Duplicate counter in counter set: GSPpatch
10:30:20 WARN  CounterSet           :: Duplicate counter in counter set: GSPpatchGood
10:30:20 WARN  CounterSet           :: Duplicate counter in counter set: GSPpatchBad
10:30:20 WARN  CounterSet           :: Duplicate counter in counter set: GSPoptions
10:30:20 WARN  CounterSet           :: Duplicate counter in counter set: GSPoptionsGood
10:30:20 WARN  CounterSet           :: Duplicate counter in counter set: GSPoptionsBad
10:30:20 INFO  Server               :: Dataset path = /ds
10:30:20 INFO  Server               :: Fuseki 1.0.1 2014-01-18T19:01:20+0000
10:30:20 INFO  Server               :: Incoming connections limited to localhost
10:30:20 INFO  Server               :: Started 2014/06/02 10:30:20 MESZ on port 3030
10:30:20 INFO  Server               :: Stopped 2014/06/02 10:30:20 MESZ on port 3030
10:30:21 WARN  Server               :: Already initialized: dataset = /ds
10:30:21 WARN  CounterSet           :: Duplicate counter in counter set: Requests
10:30:21 WARN  CounterSet           :: Duplicate counter in counter set: RequestsGood
10:30:21 WARN  CounterSet           :: Duplicate counter in counter set: RequestsBad
10:30:21 WARN  CounterSet           :: Duplicate counter in counter set: Requests
10:30:21 WARN  CounterSet           :: Duplicate counter in counter set: RequestsGood
10:30:21 WARN  CounterSet           :: Duplicate counter in counter set: RequestsBad
10:30:21 WARN  CounterSet           :: Duplicate counter in counter set: QueryTimeouts
10:30:21 WARN  CounterSet           :: Duplicate counter in counter set: QueryExecErrors
10:30:21 WARN  CounterSet           :: Duplicate counter in counter set: Requests
10:30:21 WARN  CounterSet           :: Duplicate counter in counter set: RequestsGood
10:30:21 WARN  CounterSet           :: Duplicate counter in counter set: RequestsBad
10:30:21 WARN  CounterSet           :: Duplicate counter in counter set: UpdateExecErrors
10:30:21 WARN  CounterSet           :: Duplicate counter in counter set: Requests
10:30:21 WARN  CounterSet           :: Duplicate counter in counter set: RequestsGood
10:30:21 WARN  CounterSet           :: Duplicate counter in counter set: RequestsBad
10:30:21 WARN  CounterSet           :: Duplicate counter in counter set: Requests
10:30:21 WARN  CounterSet           :: Duplicate counter in counter set: RequestsGood
10:30:21 WARN  CounterSet           :: Duplicate counter in counter set: RequestsBad
10:30:21 WARN  CounterSet           :: Duplicate counter in counter set: GSPget
10:30:21 WARN  CounterSet           :: Duplicate counter in counter set: GSPgetGood
10:30:21 WARN  CounterSet           :: Duplicate counter in counter set: GSPgetBad
10:30:21 WARN  CounterSet           :: Duplicate counter in counter set: GSPhead
10:30:21 WARN  CounterSet           :: Duplicate counter in counter set: GSPheadGood
10:30:21 WARN  CounterSet           :: Duplicate counter in counter set: GSPheadBad
10:30:21 WARN  CounterSet           :: Duplicate counter in counter set: GSPput
10:30:21 WARN  CounterSet           :: Duplicate counter in counter set: GSPputGood
10:30:21 WARN  CounterSet           :: Duplicate counter in counter set: GSPputBad
10:30:21 WARN  CounterSet           :: Duplicate counter in counter set: GSPpost
10:30:21 WARN  CounterSet           :: Duplicate counter in counter set: GSPpostGood
10:30:21 WARN  CounterSet           :: Duplicate counter in counter set: GSPpostBad
10:30:21 WARN  CounterSet           :: Duplicate counter in counter set: GSPdelete
10:30:21 WARN  CounterSet           :: Duplicate counter in counter set: GSPdeleteGood
10:30:21 WARN  CounterSet           :: Duplicate counter in counter set: GSPdeleteBad
10:30:21 WARN  CounterSet           :: Duplicate counter in counter set: GSPpatch
10:30:21 WARN  CounterSet           :: Duplicate counter in counter set: GSPpatchGood
10:30:21 WARN  CounterSet           :: Duplicate counter in counter set: GSPpatchBad
10:30:21 WARN  CounterSet           :: Duplicate counter in counter set: GSPoptions
10:30:21 WARN  CounterSet           :: Duplicate counter in counter set: GSPoptionsGood
10:30:21 WARN  CounterSet           :: Duplicate counter in counter set: GSPoptionsBad
10:30:21 WARN  CounterSet           :: Duplicate counter in counter set: Requests
10:30:21 WARN  CounterSet           :: Duplicate counter in counter set: RequestsGood
10:30:21 WARN  CounterSet           :: Duplicate counter in counter set: RequestsBad
10:30:21 WARN  CounterSet           :: Duplicate counter in counter set: GSPget
10:30:21 WARN  CounterSet           :: Duplicate counter in counter set: GSPgetGood
10:30:21 WARN  CounterSet           :: Duplicate counter in counter set: GSPgetBad
10:30:21 WARN  CounterSet           :: Duplicate counter in counter set: GSPhead
10:30:21 WARN  CounterSet           :: Duplicate counter in counter set: GSPheadGood
10:30:21 WARN  CounterSet           :: Duplicate counter in counter set: GSPheadBad
10:30:21 WARN  CounterSet           :: Duplicate counter in counter set: GSPput
10:30:21 WARN  CounterSet           :: Duplicate counter in counter set: GSPputGood
10:30:21 WARN  CounterSet           :: Duplicate counter in counter set: GSPputBad
10:30:21 WARN  CounterSet           :: Duplicate counter in counter set: GSPpost
10:30:21 WARN  CounterSet           :: Duplicate counter in counter set: GSPpostGood
10:30:21 WARN  CounterSet           :: Duplicate counter in counter set: GSPpostBad
10:30:21 WARN  CounterSet           :: Duplicate counter in counter set: GSPdelete
10:30:21 WARN  CounterSet           :: Duplicate counter in counter set: GSPdeleteGood
10:30:21 WARN  CounterSet           :: Duplicate counter in counter set: GSPdeleteBad
10:30:21 WARN  CounterSet           :: Duplicate counter in counter set: GSPpatch
10:30:21 WARN  CounterSet           :: Duplicate counter in counter set: GSPpatchGood
10:30:21 WARN  CounterSet           :: Duplicate counter in counter set: GSPpatchBad
10:30:21 WARN  CounterSet           :: Duplicate counter in counter set: GSPoptions
10:30:21 WARN  CounterSet           :: Duplicate counter in counter set: GSPoptionsGood
10:30:21 WARN  CounterSet           :: Duplicate counter in counter set: GSPoptionsBad
10:30:21 INFO  Server               :: Dataset path = /ds
10:30:21 INFO  Server               :: Fuseki 1.0.1 2014-01-18T19:01:20+0000
10:30:21 INFO  Server               :: Incoming connections limited to localhost
10:30:21 INFO  Server               :: Started 2014/06/02 10:30:21 MESZ on port 3030
10:30:21 INFO  Server               :: Stopped 2014/06/02 10:30:21 MESZ on port 3030
10:30:22 WARN  Server               :: Already initialized: dataset = /ds
10:30:22 WARN  CounterSet           :: Duplicate counter in counter set: Requests
10:30:22 WARN  CounterSet           :: Duplicate counter in counter set: RequestsGood
10:30:22 WARN  CounterSet           :: Duplicate counter in counter set: RequestsBad
10:30:22 WARN  CounterSet           :: Duplicate counter in counter set: Requests
10:30:22 WARN  CounterSet           :: Duplicate counter in counter set: RequestsGood
10:30:22 WARN  CounterSet           :: Duplicate counter in counter set: RequestsBad
10:30:22 WARN  CounterSet           :: Duplicate counter in counter set: QueryTimeouts
10:30:22 WARN  CounterSet           :: Duplicate counter in counter set: QueryExecErrors
10:30:22 WARN  CounterSet           :: Duplicate counter in counter set: Requests
10:30:22 WARN  CounterSet           :: Duplicate counter in counter set: RequestsGood
10:30:22 WARN  CounterSet           :: Duplicate counter in counter set: RequestsBad
10:30:22 WARN  CounterSet           :: Duplicate counter in counter set: UpdateExecErrors
10:30:22 WARN  CounterSet           :: Duplicate counter in counter set: Requests
10:30:22 WARN  CounterSet           :: Duplicate counter in counter set: RequestsGood
10:30:22 WARN  CounterSet           :: Duplicate counter in counter set: RequestsBad
10:30:22 WARN  CounterSet           :: Duplicate counter in counter set: Requests
10:30:22 WARN  CounterSet           :: Duplicate counter in counter set: RequestsGood
10:30:22 WARN  CounterSet           :: Duplicate counter in counter set: RequestsBad
10:30:22 WARN  CounterSet           :: Duplicate counter in counter set: GSPget
10:30:22 WARN  CounterSet           :: Duplicate counter in counter set: GSPgetGood
10:30:22 WARN  CounterSet           :: Duplicate counter in counter set: GSPgetBad
10:30:22 WARN  CounterSet           :: Duplicate counter in counter set: GSPhead
10:30:22 WARN  CounterSet           :: Duplicate counter in counter set: GSPheadGood
10:30:22 WARN  CounterSet           :: Duplicate counter in counter set: GSPheadBad
10:30:22 WARN  CounterSet           :: Duplicate counter in counter set: GSPput
10:30:22 WARN  CounterSet           :: Duplicate counter in counter set: GSPputGood
10:30:22 WARN  CounterSet           :: Duplicate counter in counter set: GSPputBad
10:30:22 WARN  CounterSet           :: Duplicate counter in counter set: GSPpost
10:30:22 WARN  CounterSet           :: Duplicate counter in counter set: GSPpostGood
10:30:22 WARN  CounterSet           :: Duplicate counter in counter set: GSPpostBad
10:30:22 WARN  CounterSet           :: Duplicate counter in counter set: GSPdelete
10:30:22 WARN  CounterSet           :: Duplicate counter in counter set: GSPdeleteGood
10:30:22 WARN  CounterSet           :: Duplicate counter in counter set: GSPdeleteBad
10:30:22 WARN  CounterSet           :: Duplicate counter in counter set: GSPpatch
10:30:22 WARN  CounterSet           :: Duplicate counter in counter set: GSPpatchGood
10:30:22 WARN  CounterSet           :: Duplicate counter in counter set: GSPpatchBad
10:30:22 WARN  CounterSet           :: Duplicate counter in counter set: GSPoptions
10:30:22 WARN  CounterSet           :: Duplicate counter in counter set: GSPoptionsGood
10:30:22 WARN  CounterSet           :: Duplicate counter in counter set: GSPoptionsBad
10:30:22 WARN  CounterSet           :: Duplicate counter in counter set: Requests
10:30:22 WARN  CounterSet           :: Duplicate counter in counter set: RequestsGood
10:30:22 WARN  CounterSet           :: Duplicate counter in counter set: RequestsBad
10:30:22 WARN  CounterSet           :: Duplicate counter in counter set: GSPget
10:30:22 WARN  CounterSet           :: Duplicate counter in counter set: GSPgetGood
10:30:22 WARN  CounterSet           :: Duplicate counter in counter set: GSPgetBad
10:30:22 WARN  CounterSet           :: Duplicate counter in counter set: GSPhead
10:30:22 WARN  CounterSet           :: Duplicate counter in counter set: GSPheadGood
10:30:22 WARN  CounterSet           :: Duplicate counter in counter set: GSPheadBad
10:30:22 WARN  CounterSet           :: Duplicate counter in counter set: GSPput
10:30:22 WARN  CounterSet           :: Duplicate counter in counter set: GSPputGood
10:30:22 WARN  CounterSet           :: Duplicate counter in counter set: GSPputBad
10:30:22 WARN  CounterSet           :: Duplicate counter in counter set: GSPpost
10:30:22 WARN  CounterSet           :: Duplicate counter in counter set: GSPpostGood
10:30:22 WARN  CounterSet           :: Duplicate counter in counter set: GSPpostBad
10:30:22 WARN  CounterSet           :: Duplicate counter in counter set: GSPdelete
10:30:22 WARN  CounterSet           :: Duplicate counter in counter set: GSPdeleteGood
10:30:22 WARN  CounterSet           :: Duplicate counter in counter set: GSPdeleteBad
10:30:22 WARN  CounterSet           :: Duplicate counter in counter set: GSPpatch
10:30:22 WARN  CounterSet           :: Duplicate counter in counter set: GSPpatchGood
10:30:22 WARN  CounterSet           :: Duplicate counter in counter set: GSPpatchBad
10:30:22 WARN  CounterSet           :: Duplicate counter in counter set: GSPoptions
10:30:22 WARN  CounterSet           :: Duplicate counter in counter set: GSPoptionsGood
10:30:22 WARN  CounterSet           :: Duplicate counter in counter set: GSPoptionsBad
10:30:22 INFO  Server               :: Dataset path = /ds
10:30:22 INFO  Server               :: Fuseki 1.0.1 2014-01-18T19:01:20+0000
10:30:22 INFO  Server               :: Incoming connections limited to localhost
10:30:22 INFO  Server               :: Started 2014/06/02 10:30:22 MESZ on port 3030
10:36:27 INFO  Server               :: Dataset path = /ds
10:36:27 INFO  Server               :: Fuseki 1.0.1 2014-01-18T19:01:20+0000
10:36:27 INFO  Server               :: Incoming connections limited to localhost
10:36:27 INFO  Server               :: Started 2014/06/02 10:36:27 MESZ on port 3030
10:36:27 ERROR Server               :: SPARQLServer: Failed to start server: Address already in use: bind
10:36:50 INFO  Server               :: Dataset path = /ds
10:36:50 INFO  Server               :: Fuseki 1.0.1 2014-01-18T19:01:20+0000
10:36:50 INFO  Server               :: Incoming connections limited to localhost
10:36:50 INFO  Server               :: Started 2014/06/02 10:36:50 MESZ on port 3030
10:36:53 INFO  Server               :: Stopped 2014/06/02 10:36:53 MESZ on port 3030
10:39:29 INFO  Server               :: Dataset path = /ds
10:39:29 INFO  Server               :: Fuseki 1.0.1 2014-01-18T19:01:20+0000
10:39:29 INFO  Server               :: Incoming connections limited to localhost
10:39:29 INFO  Server               :: Started 2014/06/02 10:39:29 MESZ on port 3030
10:39:31 INFO  Server               :: Stopped 2014/06/02 10:39:31 MESZ on port 3030
11:16:40 INFO  Server               :: Dataset path = /ds
11:16:40 INFO  Server               :: Fuseki 1.0.1 2014-01-18T19:01:20+0000
11:16:40 INFO  Server               :: Incoming connections limited to localhost
11:16:40 INFO  Server               :: Started 2014/06/02 11:16:40 MESZ on port 3030
11:17:35 INFO  Server               :: Dataset path = /ds
11:17:35 INFO  Server               :: Fuseki 1.0.1 2014-01-18T19:01:20+0000
11:17:35 INFO  Server               :: Incoming connections limited to localhost
11:17:35 INFO  Server               :: Started 2014/06/02 11:17:35 MESZ on port 3030
11:17:53 WARN  riot                 :: [line: 15, col: 1 ] Bad IRI: <D:Subject> Code: 4/UNWISE_CHARACTER in PATH: The character matches no grammar rules of URIs/IRIs. These characters are permitted in RDF URI References, XML system identifiers, and XML Schema anyURIs.
11:17:53 WARN  riot                 :: [line: 15, col: 12] Bad IRI: <D:praedikat> Code: 4/UNWISE_CHARACTER in PATH: The character matches no grammar rules of URIs/IRIs. These characters are permitted in RDF URI References, XML system identifiers, and XML Schema anyURIs.
11:17:53 WARN  riot                 :: [line: 15, col: 25] Bad IRI: <D:Object> Code: 4/UNWISE_CHARACTER in PATH: The character matches no grammar rules of URIs/IRIs. These characters are permitted in RDF URI References, XML system identifiers, and XML Schema anyURIs.
11:17:53 WARN  riot                 :: [line: 57, col: 1 ] Bad IRI: <D:Zoomobjektiv> Code: 4/UNWISE_CHARACTER in PATH: The character matches no grammar rules of URIs/IRIs. These characters are permitted in RDF URI References, XML system identifiers, and XML Schema anyURIs.
11:17:53 WARN  riot                 :: [line: 60, col: 1 ] Bad IRI: <D:Weitwinkelobjektiv> Code: 4/UNWISE_CHARACTER in PATH: The character matches no grammar rules of URIs/IRIs. These characters are permitted in RDF URI References, XML system identifiers, and XML Schema anyURIs.
